0 info it worked if it ends with ok
1 verbose cli [ 'node', '/usr/local/bin/npm', 'run', 'transpile' ]
2 info using npm@2.14.4
3 info using node@v0.10.41
4 verbose node symlink /usr/local/bin/node
5 verbose run-script [ 'pretranspile', 'transpile', 'posttranspile' ]
6 info pretranspile commonweb-setup@0.0.1
7 info transpile commonweb-setup@0.0.1
8 verbose unsafe-perm in lifecycle true
9 info commonweb-setup@0.0.1 Failed to exec transpile script
10 verbose stack Error: commonweb-setup@0.0.1 transpile: `tsc`
10 verbose stack Exit status 2
10 verbose stack     at EventEmitter.<anonymous> (/usr/local/lib/node_modules/npm/lib/utils/lifecycle.js:214:16)
10 verbose stack     at EventEmitter.emit (events.js:98:17)
10 verbose stack     at ChildProcess.<anonymous> (/usr/local/lib/node_modules/npm/lib/utils/spawn.js:24:14)
10 verbose stack     at ChildProcess.emit (events.js:98:17)
10 verbose stack     at maybeClose (child_process.js:766:16)
10 verbose stack     at Process.ChildProcess._handle.onexit (child_process.js:833:5)
11 verbose pkgid commonweb-setup@0.0.1
12 verbose cwd /Users/jlowery/side-projects/todoapp
13 error Darwin 15.4.0
14 error argv "node" "/usr/local/bin/npm" "run" "transpile"
15 error node v0.10.41
16 error npm  v2.14.4
17 error code ELIFECYCLE
18 error commonweb-setup@0.0.1 transpile: `tsc`
18 error Exit status 2
19 error Failed at the commonweb-setup@0.0.1 transpile script 'tsc'.
19 error This is most likely a problem with the commonweb-setup package,
19 error not with npm itself.
19 error Tell the author that this fails on your system:
19 error     tsc
19 error You can get their info via:
19 error     npm owner ls commonweb-setup
19 error There is likely additional logging output above.
20 verbose exit [ 1, true ]
